Arguments: 
  /usr/local/bin/node /opt/yarn-v1.22.19/bin/yarn.js install --legacy-peer-deps --force

PATH: 
  /usr/local/sbin:/usr/local/bin:/usr/sbin:/usr/bin:/sbin:/bin

Yarn version: 
  1.22.19

Node version: 
  16.20.2

Platform: 
  linux arm64

Trace: 
  Error: EEXIST: file already exists, mkdir '/home/node/app/node_modules/entcore/node_modules/read-pkg/node_modules'

npm manifest: 
  {
    "name": "blog",
    "version": "3.1.0",
    "description": "Blog tool for ENT Core.",
    "main": "gulpfile.js",
    "dependencies": {
      "@types/core-js": "0.9.42",
      "awesome-typescript-loader": "3.2.1",
      "axios": "0.16.2",
      "core-js": "2.4.1",
      "entcore": "dev",
      "entcore-toolkit": "1.2.0",
      "gulp": "4.0.2",
      "gulp-clean": "0.4.0",
      "gulp-sourcemaps": "2.6.0",
      "merge2": "1.1.0",
      "ts-loader": "3.2.0",
      "typescript": "4.2.3",
      "webpack": "3.1.0",
      "webpack-stream": "3.2.0",
      "yargs": "8.0.2",
      "angular": "1.8.3"
    },
    "devDependencies": {
      "gulp-replace": "1.1.3",
      "@types/angular": "1.8.3",
      "@types/jquery": "3.5.13",
      "natives": "1.1.6"
    },
    "scripts": {
      "test": "echo \"Error: no test specified\" && exit 1"
    },
    "repository": {
      "type": "git",
      "url": "https://github.com/OPEN-ENT-NG/community.git"
    },
    "author": "",
    "license": "AGPL-3.0",
    "bugs": {
      "url": "https://github.com/OPEN-ENT-NG/community/issues"
    },
    "homepage": "https://github.com/OPEN-ENT-NG/community"
  }

yarn manifest: 
  No manifest

Lockfile: 
  No lockfile
